App 46917 output: info  - Loaded env from /home/sedihish/sedihisham_2/.env.production
App 48858 output: info  - Loaded env from /home/sedihish/sedihisham_2/.env.production
App 50639 output: info  - Loaded env from /home/sedihish/sedihisham_2/.env.production
App 51019 output: info  - Loaded env from /home/sedihish/sedihisham_2/.env.production
App 52683 output: info  - Loaded env from /home/sedihish/sedihisham_2/.env.production
App 56782 output: info  - Loaded env from /home/sedihish/sedihisham_2/.env.production
App 66558 output: info  - Loaded env from /home/sedihish/sedihisham_2/.env.production
App 75915 output: info  - Loaded env from /home/sedihish/sedihisham_2/.env.production
App 75915 output: > Ready on http://localhost:3000
App 75915 output: Warning: For production Image Optimization with Next.js, the optional 'sharp' package is strongly recommended. Run 'yarn add sharp', and Next.js will use it automatically for Image Optimization.
App 75915 output: Read more: https://nextjs.org/docs/messages/sharp-missing-in-production
App 149466 output: info  - Loaded env from /home/sedihish/sedihisham_2/.env.production
App 149466 output: > Ready on http://localhost:3000
App 149466 output: Warning: For production Image Optimization with Next.js, the optional 'sharp' package is strongly recommended. Run 'yarn add sharp', and Next.js will use it automatically for Image Optimization.
App 149466 output: Read more: https://nextjs.org/docs/messages/sharp-missing-in-production
App 189951 output: info  - Loaded env from /home/sedihish/sedihisham_2/.env.production
App 189951 output: > Ready on http://localhost:3000
App 189951 output: Warning: For production Image Optimization with Next.js, the optional 'sharp' package is strongly recommended. Run 'yarn add sharp', and Next.js will use it automatically for Image Optimization.
App 189951 output: Read more: https://nextjs.org/docs/messages/sharp-missing-in-production
App 343609 output: info  - Loaded env from /home/sedihish/sedihisham_2/.env.production
App 343609 output: > Ready on http://localhost:3000
App 343609 output: Warning: For production Image Optimization with Next.js, the optional 'sharp' package is strongly recommended. Run 'yarn add sharp', and Next.js will use it automatically for Image Optimization.
App 343609 output: Read more: https://nextjs.org/docs/messages/sharp-missing-in-production
App 353214 output: info  - Loaded env from /home/sedihish/sedihisham_2/.env.production
App 353214 output: > Ready on http://localhost:3000
App 353214 output: Warning: For production Image Optimization with Next.js, the optional 'sharp' package is strongly recommended. Run 'yarn add sharp', and Next.js will use it automatically for Image Optimization.
App 353214 output: Read more: https://nextjs.org/docs/messages/sharp-missing-in-production
App 203667 output: info  - Loaded env from /home/sedihish/sedihisham_2/.env.production
App 203667 output: > Ready on http://localhost:3000
App 369966 output: info  - Loaded env from /home/sedihish/sedihisham_2/.env.production
App 369966 output: > Ready on http://localhost:3000
App 438027 output: info  - Loaded env from /home/sedihish/sedihisham_2/.env.production
App 438027 output: > Ready on http://localhost:3000
App 53602 output: info  - Loaded env from /home/sedihish/sedihisham_2/.env.production
App 53602 output: > Ready on http://localhost:3000
App 57365 output: info  - Loaded env from /home/sedihish/sedihisham_2/.env.production
App 57365 output: > Ready on http://localhost:3000
App 165690 output: info  - Loaded env from /home/sedihish/sedihisham_2/.env.production
App 165690 output: > Ready on http://localhost:3000
App 196052 output: info  - Loaded env from /home/sedihish/sedihisham_2/.env.production
App 196052 output: > Ready on http://localhost:3000
App 26875 output: info  - Loaded env from /home/sedihish/sedihisham_2/.env.production
App 26875 output: > Ready on http://localhost:3000
App 93732 output: info  - Loaded env from /home/sedihish/sedihisham_2/.env.production
App 93732 output: > Ready on http://localhost:3000
App 243763 output: info  - Loaded env from /home/sedihish/sedihisham_2/.env.production
App 243763 output: > Ready on http://localhost:3000
App 79122 output: info  - Loaded env from /home/sedihish/sedihisham_2/.env.production
App 79122 output: > Ready on http://localhost:3000
App 384818 output: info  - Loaded env from /home/sedihish/sedihisham_2/.env.production
App 384818 output: > Ready on http://localhost:3000
App 166491 output: info  - Loaded env from /home/sedihish/sedihisham_2/.env.production
App 166491 output: > Ready on http://localhost:3000
App 455619 output: info  - Loaded env from /home/sedihish/sedihisham_2/.env.production
App 455619 output: > Ready on http://localhost:3000
App 190694 output: info  - Loaded env from /home/sedihish/sedihisham_2/.env.production
App 190694 output: > Ready on http://localhost:3000
App 228885 output: info  - Loaded env from /home/sedihish/sedihisham_2/.env.production
App 228885 output: > Ready on http://localhost:3000
App 234055 output: info  - Loaded env from /home/sedihish/sedihisham_2/.env.production
App 234055 output: > Ready on http://localhost:3000
App 326669 output: info  - Loaded env from /home/sedihish/sedihisham_2/.env.production
App 326669 output: > Ready on http://localhost:3000
App 326669 output: Warning: For production Image Optimization with Next.js, the optional 'sharp' package is strongly recommended. Run 'yarn add sharp', and Next.js will use it automatically for Image Optimization.
App 326669 output: Read more: https://nextjs.org/docs/messages/sharp-missing-in-production
App 229185 output: info  - Loaded env from /home/sedihish/sedihisham_2/.env.production
App 230793 output: info  - Loaded env from /home/sedihish/sedihisham_2/.env.production
App 229185 output: > Ready on http://localhost:3000
App 230793 output: > Ready on http://localhost:3000
App 41831 output: info  - Loaded env from /home/sedihish/sedihisham_2/.env.production
App 41831 output: > Ready on http://localhost:3000
App 94078 output: info  - Loaded env from /home/sedihish/sedihisham_2/.env.production
App 94078 output: > Ready on http://localhost:3000
App 337378 output: info  - Loaded env from /home/sedihish/sedihisham_2/.env.production
App 337378 output: > Ready on http://localhost:3000
App 101863 output: info  - Loaded env from /home/sedihish/sedihisham_2/.env.production
App 101863 output: > Ready on http://localhost:3000
App 101863 output: Warning: For production Image Optimization with Next.js, the optional 'sharp' package is strongly recommended. Run 'yarn add sharp', and Next.js will use it automatically for Image Optimization.
App 101863 output: Read more: https://nextjs.org/docs/messages/sharp-missing-in-production
App 48031 output: info  - Loaded env from /home/sedihish/sedihisham_2/.env.production
App 48031 output: > Ready on http://localhost:3000
App 199888 output: info  - Loaded env from /home/sedihish/sedihisham_2/.env.production
App 199888 output: > Ready on http://localhost:3000
App 199888 output: Warning: For production Image Optimization with Next.js, the optional 'sharp' package is strongly recommended. Run 'yarn add sharp', and Next.js will use it automatically for Image Optimization.
App 199888 output: Read more: https://nextjs.org/docs/messages/sharp-missing-in-production
App 287864 output: info  - Loaded env from /home/sedihish/sedihisham_2/.env.production
App 287864 output: > Ready on http://localhost:3000
App 309496 output: info  - Loaded env from /home/sedihish/sedihisham_2/.env.production
App 309496 output: > Ready on http://localhost:3000
App 355073 output: info  - Loaded env from /home/sedihish/sedihisham_2/.env.production
App 355073 output: > Ready on http://localhost:3000
App 355073 output: Warning: For production Image Optimization with Next.js, the optional 'sharp' package is strongly recommended. Run 'yarn add sharp', and Next.js will use it automatically for Image Optimization.
App 355073 output: Read more: https://nextjs.org/docs/messages/sharp-missing-in-production
App 298205 output: info  - Loaded env from /home/sedihish/sedihisham_2/.env.production
App 298205 output: > Ready on http://localhost:3000
App 298205 output: Warning: For production Image Optimization with Next.js, the optional 'sharp' package is strongly recommended. Run 'yarn add sharp', and Next.js will use it automatically for Image Optimization.
App 298205 output: Read more: https://nextjs.org/docs/messages/sharp-missing-in-production
App 23470 output: info  - Loaded env from /home/sedihish/sedihisham_2/.env.production
App 23470 output: > Ready on http://localhost:3000
App 23470 output: Warning: For production Image Optimization with Next.js, the optional 'sharp' package is strongly recommended. Run 'yarn add sharp', and Next.js will use it automatically for Image Optimization.
App 23470 output: Read more: https://nextjs.org/docs/messages/sharp-missing-in-production
App 330033 output: info  - Loaded env from /home/sedihish/sedihisham_2/.env.production
App 330033 output: > Ready on http://localhost:3000
App 344618 output: info  - Loaded env from /home/sedihish/sedihisham_2/.env.production
App 344618 output: > Ready on http://localhost:3000
App 430001 output: info  - Loaded env from /home/sedihish/sedihisham_2/.env.production
App 430001 output: > Ready on http://localhost:3000
App 458133 output: info  - Loaded env from /home/sedihish/sedihisham_2/.env.production
App 458133 output: > Ready on http://localhost:3000
App 2298 output: info  - Loaded env from /home/sedihish/sedihisham_2/.env.production
App 2298 output: > Ready on http://localhost:3000
App 116471 output: info  - Loaded env from /home/sedihish/sedihisham_2/.env.production
App 116471 output: > Ready on http://localhost:3000
App 128017 output: info  - Loaded env from /home/sedihish/sedihisham_2/.env.production
App 128017 output: > Ready on http://localhost:3000
App 278061 output: info  - Loaded env from /home/sedihish/sedihisham_2/.env.production
App 278061 output: > Ready on http://localhost:3000
App 266742 output: info  - Loaded env from /home/sedihish/sedihisham_2/.env.production
App 266742 output: > Ready on http://localhost:3000
App 328459 output: info  - Loaded env from /home/sedihish/sedihisham_2/.env.production
App 328459 output: > Ready on http://localhost:3000
App 126374 output: info  - Loaded env from /home/sedihish/sedihisham_2/.env.production
App 126374 output: > Ready on http://localhost:3000
App 306216 output: info  - Loaded env from /home/sedihish/sedihisham_2/.env.production
App 306216 output: > Ready on http://localhost:3000
App 417446 output: info  - Loaded env from /home/sedihish/sedihisham_2/.env.production
App 417446 output: > Ready on http://localhost:3000
App 378277 output: info  - Loaded env from /home/sedihish/sedihisham_2/.env.production
App 378277 output: > Ready on http://localhost:3000
App 156795 output: info  - Loaded env from /home/sedihish/sedihisham_2/.env.production
App 156795 output: > Ready on http://localhost:3000
App 7681 output: info  - Loaded env from /home/sedihish/sedihisham_2/.env.production
App 7681 output: > Ready on http://localhost:3000
App 7681 output: Warning: For production Image Optimization with Next.js, the optional 'sharp' package is strongly recommended. Run 'yarn add sharp', and Next.js will use it automatically for Image Optimization.
App 7681 output: Read more: https://nextjs.org/docs/messages/sharp-missing-in-production
App 412319 output: info  - Loaded env from /home/sedihish/sedihisham_2/.env.production
App 412319 output: > Ready on http://localhost:3000
App 414951 output: info  - Loaded env from /home/sedihish/sedihisham_2/.env.production
App 414951 output: > Ready on http://localhost:3000
App 259000 output: info  - Loaded env from /home/sedihish/sedihisham_2/.env.production
App 259000 output: > Ready on http://localhost:3000
App 116418 output: info  - Loaded env from /home/sedihish/sedihisham_2/.env.production
App 116418 output: > Ready on http://localhost:3000
App 56402 output: info  - Loaded env from /home/sedihish/sedihisham_2/.env.production
App 56402 output: > Ready on http://localhost:3000
App 280000 output: info  - Loaded env from /home/sedihish/sedihisham_2/.env.production
App 280000 output: > Ready on http://localhost:3000
App 235435 output: info  - Loaded env from /home/sedihish/sedihisham_2/.env.production
App 235435 output: > Ready on http://localhost:3000
App 347891 output: info  - Loaded env from /home/sedihish/sedihisham_2/.env.production
App 347891 output: > Ready on http://localhost:3000
App 458451 output: info  - Loaded env from /home/sedihish/sedihisham_2/.env.production
App 458451 output: > Ready on http://localhost:3000
App 369026 output: info  - Loaded env from /home/sedihish/sedihisham_2/.env.production
App 369026 output: > Ready on http://localhost:3000
App 3851 output: info  - Loaded env from /home/sedihish/sedihisham_2/.env.production
App 3851 output: > Ready on http://localhost:3000
App 234919 output: info  - Loaded env from /home/sedihish/sedihisham_2/.env.production
App 234919 output: > Ready on http://localhost:3000
App 425709 output: info  - Loaded env from /home/sedihish/sedihisham_2/.env.production
App 425709 output: > Ready on http://localhost:3000
App 320983 output: info  - Loaded env from /home/sedihish/sedihisham_2/.env.production
App 320983 output: > Ready on http://localhost:3000
App 349312 output: info  - Loaded env from /home/sedihish/sedihisham_2/.env.production
App 349312 output: > Ready on http://localhost:3000
App 61420 output: info  - Loaded env from /home/sedihish/sedihisham_2/.env.production
App 61420 output: > Ready on http://localhost:3000
App 414081 output: info  - Loaded env from /home/sedihish/sedihisham_2/.env.production
App 414081 output: > Ready on http://localhost:3000
App 280449 output: info  - Loaded env from /home/sedihish/sedihisham_2/.env.production
App 280449 output: > Ready on http://localhost:3000
App 192501 output: info  - Loaded env from /home/sedihish/sedihisham_2/.env.production
App 192501 output: > Ready on http://localhost:3000
App 338067 output: info  - Loaded env from /home/sedihish/sedihisham_2/.env.production
App 338067 output: > Ready on http://localhost:3000
App 213285 output: info  - Loaded env from /home/sedihish/sedihisham_2/.env.production
App 213285 output: > Ready on http://localhost:3000
App 239800 output: info  - Loaded env from /home/sedihish/sedihisham_2/.env.production
App 239800 output: > Ready on http://localhost:3000
App 151468 output: info  - Loaded env from /home/sedihish/sedihisham_2/.env.production
App 151468 output: > Ready on http://localhost:3000
App 155750 output: info  - Loaded env from /home/sedihish/sedihisham_2/.env.production
App 155750 output: > Ready on http://localhost:3000
App 339254 output: info  - Loaded env from /home/sedihish/sedihisham_2/.env.production
App 339254 output: > Ready on http://localhost:3000
App 449704 output: info  - Loaded env from /home/sedihish/sedihisham_2/.env.production
App 449704 output: > Ready on http://localhost:3000
App 370058 output: info  - Loaded env from /home/sedihish/sedihisham_2/.env.production
App 370058 output: > Ready on http://localhost:3000
App 57761 output: info  - Loaded env from /home/sedihish/sedihisham_2/.env.production
App 57761 output: > Ready on http://localhost:3000
App 374059 output: info  - Loaded env from /home/sedihish/sedihisham_2/.env.production
App 374059 output: > Ready on http://localhost:3000
App 368908 output: info  - Loaded env from /home/sedihish/sedihisham_2/.env.production
App 368908 output: > Ready on http://localhost:3000
App 5022 output: info  - Loaded env from /home/sedihish/sedihisham_2/.env.production
App 5022 output: > Ready on http://localhost:3000
App 363294 output: info  - Loaded env from /home/sedihish/sedihisham_2/.env.production
App 363294 output: > Ready on http://localhost:3000
App 389293 output: info  - Loaded env from /home/sedihish/sedihisham_2/.env.production
App 389293 output: > Ready on http://localhost:3000
App 226383 output: info  - Loaded env from /home/sedihish/sedihisham_2/.env.production
App 226383 output: > Ready on http://localhost:3000
App 28321 output: info  - Loaded env from /home/sedihish/sedihisham_2/.env.production
App 28321 output: > Ready on http://localhost:3000
App 34905 output: info  - Loaded env from /home/sedihish/sedihisham_2/.env.production
App 34905 output: > Ready on http://localhost:3000
App 40623 output: info  - Loaded env from /home/sedihish/sedihisham_2/.env.production
App 40623 output: > Ready on http://localhost:3000
App 67047 output: info  - Loaded env from /home/sedihish/sedihisham_2/.env.production
App 67047 output: > Ready on http://localhost:3000
App 241884 output: info  - Loaded env from /home/sedihish/sedihisham_2/.env.production
App 241884 output: > Ready on http://localhost:3000
App 1798 output: info  - Loaded env from /home/sedihish/sedihisham_2/.env.production
App 1798 output: > Ready on http://localhost:3000
App 210560 output: info  - Loaded env from /home/sedihish/sedihisham_2/.env.production
App 210560 output: > Ready on http://localhost:3000
App 347762 output: info  - Loaded env from /home/sedihish/sedihisham_2/.env.production
App 347762 output: > Ready on http://localhost:3000
App 330526 output: info  - Loaded env from /home/sedihish/sedihisham_2/.env.production
App 330526 output: > Ready on http://localhost:3000
App 31953 output: info  - Loaded env from /home/sedihish/sedihisham_2/.env.production
App 31953 output: > Ready on http://localhost:3000
App 65163 output: info  - Loaded env from /home/sedihish/sedihisham_2/.env.production
App 65163 output: > Ready on http://localhost:3000
App 217756 output: info  - Loaded env from /home/sedihish/sedihisham_2/.env.production
App 217756 output: > Ready on http://localhost:3000
App 47228 output: info  - Loaded env from /home/sedihish/sedihisham_2/.env.production
App 47228 output: > Ready on http://localhost:3000
App 301712 output: info  - Loaded env from /home/sedihish/sedihisham_2/.env.production
App 301712 output: > Ready on http://localhost:3000
App 27933 output: info  - Loaded env from /home/sedihish/sedihisham_2/.env.production
App 27933 output: > Ready on http://localhost:3000
App 310289 output: info  - Loaded env from /home/sedihish/sedihisham_2/.env.production
App 310289 output: > Ready on http://localhost:3000
App 344541 output: info  - Loaded env from /home/sedihish/sedihisham_2/.env.production
App 344541 output: > Ready on http://localhost:3000
App 19645 output: info  - Loaded env from /home/sedihish/sedihisham_2/.env.production
App 19645 output: > Ready on http://localhost:3000
App 239086 output: info  - Loaded env from /home/sedihish/sedihisham_2/.env.production
App 239086 output: > Ready on http://localhost:3000
App 354672 output: info  - Loaded env from /home/sedihish/sedihisham_2/.env.production
App 354672 output: > Ready on http://localhost:3000
App 171773 output: info  - Loaded env from /home/sedihish/sedihisham_2/.env.production
App 171773 output: > Ready on http://localhost:3000
App 373024 output: info  - Loaded env from /home/sedihish/sedihisham_2/.env.production
App 373024 output: > Ready on http://localhost:3000
App 399404 output: info  - Loaded env from /home/sedihish/sedihisham_2/.env.production
App 399404 output: > Ready on http://localhost:3000
App 449684 output: info  - Loaded env from /home/sedihish/sedihisham_2/.env.production
App 449684 output: > Ready on http://localhost:3000
App 402402 output: info  - Loaded env from /home/sedihish/sedihisham_2/.env.production
App 402402 output: > Ready on http://localhost:3000
App 442332 output: info  - Loaded env from /home/sedihish/sedihisham_2/.env.production
App 442332 output: > Ready on http://localhost:3000
App 32813 output: info  - Loaded env from /home/sedihish/sedihisham_2/.env.production
App 32813 output: > Ready on http://localhost:3000
App 87227 output: info  - Loaded env from /home/sedihish/sedihisham_2/.env.production
App 87227 output: > Ready on http://localhost:3000
App 222898 output: info  - Loaded env from /home/sedihish/sedihisham_2/.env.production
App 222898 output: > Ready on http://localhost:3000
App 77979 output: info  - Loaded env from /home/sedihish/sedihisham_2/.env.production
App 77979 output: > Ready on http://localhost:3000
App 229352 output: info  - Loaded env from /home/sedihish/sedihisham_2/.env.production
App 229352 output: > Ready on http://localhost:3000
App 210662 output: info  - Loaded env from /home/sedihish/sedihisham_2/.env.production
App 210662 output: > Ready on http://localhost:3000
App 320275 output: info  - Loaded env from /home/sedihish/sedihisham_2/.env.production
App 320275 output: > Ready on http://localhost:3000
App 328492 output: info  - Loaded env from /home/sedihish/sedihisham_2/.env.production
App 328492 output: > Ready on http://localhost:3000
App 357467 output: info  - Loaded env from /home/sedihish/sedihisham_2/.env.production
App 357467 output: > Ready on http://localhost:3000
App 426628 output: info  - Loaded env from /home/sedihish/sedihisham_2/.env.production
App 426628 output: > Ready on http://localhost:3000
App 168304 output: info  - Loaded env from /home/sedihish/sedihisham_2/.env.production
App 168304 output: > Ready on http://localhost:3000
App 355877 output: info  - Loaded env from /home/sedihish/sedihisham_2/.env.production
App 355877 output: > Ready on http://localhost:3000
App 120658 output: info  - Loaded env from /home/sedihish/sedihisham_2/.env.production
App 120658 output: > Ready on http://localhost:3000
App 190967 output: info  - Loaded env from /home/sedihish/sedihisham_2/.env.production
App 190967 output: > Ready on http://localhost:3000
App 450495 output: info  - Loaded env from /home/sedihish/sedihisham_2/.env.production
App 450495 output: > Ready on http://localhost:3000
App 179952 output: info  - Loaded env from /home/sedihish/sedihisham_2/.env.production
App 179952 output: > Ready on http://localhost:3000
App 127551 output: info  - Loaded env from /home/sedihish/sedihisham_2/.env.production
App 127551 output: > Ready on http://localhost:3000
App 122185 output: info  - Loaded env from /home/sedihish/sedihisham_2/.env.production
App 122185 output: > Ready on http://localhost:3000
App 166376 output: info  - Loaded env from /home/sedihish/sedihisham_2/.env.production
App 166376 output: > Ready on http://localhost:3000
App 46186 output: info  - Loaded env from /home/sedihish/sedihisham_2/.env.production
App 46186 output: > Ready on http://localhost:3000
App 198651 output: info  - Loaded env from /home/sedihish/sedihisham_2/.env.production
App 198651 output: > Ready on http://localhost:3000
App 227187 output: info  - Loaded env from /home/sedihish/sedihisham_2/.env.production
App 227187 output: > Ready on http://localhost:3000
App 277640 output: info  - Loaded env from /home/sedihish/sedihisham_2/.env.production
App 277640 output: > Ready on http://localhost:3000
App 28020 output: info  - Loaded env from /home/sedihish/sedihisham_2/.env.production
App 28020 output: > Ready on http://localhost:3000
App 219442 output: info  - Loaded env from /home/sedihish/sedihisham_2/.env.production
App 219442 output: > Ready on http://localhost:3000
App 355479 output: info  - Loaded env from /home/sedihish/sedihisham_2/.env.production
App 355479 output: > Ready on http://localhost:3000
App 173725 output: info  - Loaded env from /home/sedihish/sedihisham_2/.env.production
App 173725 output: > Ready on http://localhost:3000
App 359258 output: info  - Loaded env from /home/sedihish/sedihisham_2/.env.production
App 359258 output: > Ready on http://localhost:3000
App 76255 output: info  - Loaded env from /home/sedihish/sedihisham_2/.env.production
App 76255 output: > Ready on http://localhost:3000
App 261725 output: info  - Loaded env from /home/sedihish/sedihisham_2/.env.production
App 261725 output: > Ready on http://localhost:3000
App 354663 output: info  - Loaded env from /home/sedihish/sedihisham_2/.env.production
App 354663 output: > Ready on http://localhost:3000
App 418301 output: info  - Loaded env from /home/sedihish/sedihisham_2/.env.production
App 418301 output: > Ready on http://localhost:3000
App 8185 output: info  - Loaded env from /home/sedihish/sedihisham_2/.env.production
App 8185 output: > Ready on http://localhost:3000
App 33735 output: info  - Loaded env from /home/sedihish/sedihisham_2/.env.production
App 33735 output: > Ready on http://localhost:3000
App 269043 output: info  - Loaded env from /home/sedihish/sedihisham_2/.env.production
App 269043 output: > Ready on http://localhost:3000
App 30455 output: info  - Loaded env from /home/sedihish/sedihisham_2/.env.production
App 30455 output: > Ready on http://localhost:3000
App 155820 output: info  - Loaded env from /home/sedihish/sedihisham_2/.env.production
App 155820 output: > Ready on http://localhost:3000
App 104607 output: info  - Loaded env from /home/sedihish/sedihisham_2/.env.production
App 104607 output: > Ready on http://localhost:3000
App 239608 output: info  - Loaded env from /home/sedihish/sedihisham_2/.env.production
App 239608 output: > Ready on http://localhost:3000
App 301682 output: info  - Loaded env from /home/sedihish/sedihisham_2/.env.production
App 301682 output: > Ready on http://localhost:3000
App 64656 output: info  - Loaded env from /home/sedihish/sedihisham_2/.env.production
App 64656 output: > Ready on http://localhost:3000
App 152839 output: info  - Loaded env from /home/sedihish/sedihisham_2/.env.production
App 152839 output: > Ready on http://localhost:3000
App 244398 output: info  - Loaded env from /home/sedihish/sedihisham_2/.env.production
App 244398 output: > Ready on http://localhost:3000
App 282496 output: info  - Loaded env from /home/sedihish/sedihisham_2/.env.production
App 282496 output: > Ready on http://localhost:3000
App 143593 output: info  - Loaded env from /home/sedihish/sedihisham_2/.env.production
App 143593 output: > Ready on http://localhost:3000
App 319018 output: info  - Loaded env from /home/sedihish/sedihisham_2/.env.production
App 319018 output: > Ready on http://localhost:3000
App 355798 output: info  - Loaded env from /home/sedihish/sedihisham_2/.env.production
App 355798 output: > Ready on http://localhost:3000
App 137678 output: info  - Loaded env from /home/sedihish/sedihisham_2/.env.production
App 137678 output: > Ready on http://localhost:3000
App 427575 output: info  - Loaded env from /home/sedihish/sedihisham_2/.env.production
App 427575 output: > Ready on http://localhost:3000
App 377479 output: info  - Loaded env from /home/sedihish/sedihisham_2/.env.production
App 377479 output: > Ready on http://localhost:3000
App 143449 output: info  - Loaded env from /home/sedihish/sedihisham_2/.env.production
App 143449 output: > Ready on http://localhost:3000
App 19301 output: info  - Loaded env from /home/sedihish/sedihisham_2/.env.production
App 19301 output: > Ready on http://localhost:3000
App 353518 output: info  - Loaded env from /home/sedihish/sedihisham_2/.env.production
App 353518 output: > Ready on http://localhost:3000
App 124849 output: info  - Loaded env from /home/sedihish/sedihisham_2/.env.production
App 124849 output: > Ready on http://localhost:3000
App 232859 output: info  - Loaded env from /home/sedihish/sedihisham_2/.env.production
App 232859 output: > Ready on http://localhost:3000
App 18104 output: info  - Loaded env from /home/sedihish/sedihisham_2/.env.production
App 18104 output: > Ready on http://localhost:3000
App 123734 output: info  - Loaded env from /home/sedihish/sedihisham_2/.env.production
App 123734 output: > Ready on http://localhost:3000
App 229055 output: info  - Loaded env from /home/sedihish/sedihisham_2/.env.production
App 229055 output: > Ready on http://localhost:3000
App 73005 output: info  - Loaded env from /home/sedihish/sedihisham_2/.env.production
App 73005 output: > Ready on http://localhost:3000
App 29495 output: info  - Loaded env from /home/sedihish/sedihisham_2/.env.production
App 29495 output: > Ready on http://localhost:3000
App 118099 output: info  - Loaded env from /home/sedihish/sedihisham_2/.env.production
App 118099 output: > Ready on http://localhost:3000
App 141272 output: info  - Loaded env from /home/sedihish/sedihisham_2/.env.production
App 141272 output: > Ready on http://localhost:3000
App 278354 output: info  - Loaded env from /home/sedihish/sedihisham_2/.env.production
App 278354 output: > Ready on http://localhost:3000
App 194965 output: info  - Loaded env from /home/sedihish/sedihisham_2/.env.production
App 194965 output: > Ready on http://localhost:3000
App 380622 output: info  - Loaded env from /home/sedihish/sedihisham_2/.env.production
App 380622 output: > Ready on http://localhost:3000
App 171275 output: info  - Loaded env from /home/sedihish/sedihisham_2/.env.production
App 171275 output: > Ready on http://localhost:3000
App 63031 output: info  - Loaded env from /home/sedihish/sedihisham_2/.env.production
App 63031 output: > Ready on http://localhost:3000
App 448226 output: info  - Loaded env from /home/sedihish/sedihisham_2/.env.production
App 448226 output: > Ready on http://localhost:3000
App 355022 output: info  - Loaded env from /home/sedihish/sedihisham_2/.env.production
App 355022 output: > Ready on http://localhost:3000
App 424364 output: info  - Loaded env from /home/sedihish/sedihisham_2/.env.production
App 424364 output: > Ready on http://localhost:3000
App 367888 output: info  - Loaded env from /home/sedihish/sedihisham_2/.env.production
App 367888 output: > Ready on http://localhost:3000
App 91088 output: info  - Loaded env from /home/sedihish/sedihisham_2/.env.production
App 91088 output: > Ready on http://localhost:3000
App 16146 output: info  - Loaded env from /home/sedihish/sedihisham_2/.env.production
App 16146 output: > Ready on http://localhost:3000
App 251455 output: info  - Loaded env from /home/sedihish/sedihisham_2/.env.production
App 251455 output: > Ready on http://localhost:3000
App 351669 output: info  - Loaded env from /home/sedihish/sedihisham_2/.env.production
App 351669 output: > Ready on http://localhost:3000
App 55421 output: info  - Loaded env from /home/sedihish/sedihisham_2/.env.production
App 55421 output: > Ready on http://localhost:3000
App 90642 output: info  - Loaded env from /home/sedihish/sedihisham_2/.env.production
App 90642 output: > Ready on http://localhost:3000
App 92412 output: info  - Loaded env from /home/sedihish/sedihisham_2/.env.production
App 92412 output: > Ready on http://localhost:3000
App 180805 output: info  - Loaded env from /home/sedihish/sedihisham_2/.env.production
App 180805 output: > Ready on http://localhost:3000
App 298165 output: info  - Loaded env from /home/sedihish/sedihisham_2/.env.production
App 298165 output: > Ready on http://localhost:3000
App 340114 output: info  - Loaded env from /home/sedihish/sedihisham_2/.env.production
App 340114 output: > Ready on http://localhost:3000
App 25704 output: info  - Loaded env from /home/sedihish/sedihisham_2/.env.production
App 25704 output: > Ready on http://localhost:3000
App 193168 output: info  - Loaded env from /home/sedihish/sedihisham_2/.env.production
App 193168 output: > Ready on http://localhost:3000
App 143741 output: info  - Loaded env from /home/sedihish/sedihisham_2/.env.production
App 143741 output: > Ready on http://localhost:3000
App 148995 output: info  - Loaded env from /home/sedihish/sedihisham_2/.env.production
App 148995 output: > Ready on http://localhost:3000
App 434006 output: info  - Loaded env from /home/sedihish/sedihisham_2/.env.production
App 434006 output: > Ready on http://localhost:3000
App 285358 output: info  - Loaded env from /home/sedihish/sedihisham_2/.env.production
App 285358 output: > Ready on http://localhost:3000
App 89196 output: info  - Loaded env from /home/sedihish/sedihisham_2/.env.production
App 89196 output: > Ready on http://localhost:3000
App 262192 output: info  - Loaded env from /home/sedihish/sedihisham_2/.env.production
App 262192 output: > Ready on http://localhost:3000
App 414161 output: info  - Loaded env from /home/sedihish/sedihisham_2/.env.production
App 414161 output: > Ready on http://localhost:3000
App 238034 output: info  - Loaded env from /home/sedihish/sedihisham_2/.env.production
App 238034 output: > Ready on http://localhost:3000
App 423138 output: info  - Loaded env from /home/sedihish/sedihisham_2/.env.production
App 423138 output: > Ready on http://localhost:3000
App 141220 output: info  - Loaded env from /home/sedihish/sedihisham_2/.env.production
App 141220 output: > Ready on http://localhost:3000
App 118936 output: info  - Loaded env from /home/sedihish/sedihisham_2/.env.production
App 118936 output: > Ready on http://localhost:3000
App 20025 output: info  - Loaded env from /home/sedihish/sedihisham_2/.env.production
App 20025 output: > Ready on http://localhost:3000
App 309246 output: info  - Loaded env from /home/sedihish/sedihisham_2/.env.production
App 309246 output: > Ready on http://localhost:3000
App 359341 output: info  - Loaded env from /home/sedihish/sedihisham_2/.env.production
App 359341 output: > Ready on http://localhost:3000
App 457682 output: info  - Loaded env from /home/sedihish/sedihisham_2/.env.production
App 457682 output: > Ready on http://localhost:3000
App 72050 output: info  - Loaded env from /home/sedihish/sedihisham_2/.env.production
App 72050 output: > Ready on http://localhost:3000
App 90271 output: info  - Loaded env from /home/sedihish/sedihisham_2/.env.production
App 90271 output: > Ready on http://localhost:3000
App 437262 output: info  - Loaded env from /home/sedihish/sedihisham_2/.env.production
App 437262 output: > Ready on http://localhost:3000
App 289159 output: info  - Loaded env from /home/sedihish/sedihisham_2/.env.production
App 289159 output: > Ready on http://localhost:3000
App 323769 output: info  - Loaded env from /home/sedihish/sedihisham_2/.env.production
App 323769 output: > Ready on http://localhost:3000
App 448968 output: info  - Loaded env from /home/sedihish/sedihisham_2/.env.production
App 448968 output: > Ready on http://localhost:3000
App 329493 output: info  - Loaded env from /home/sedihish/sedihisham_2/.env.production
App 329493 output: > Ready on http://localhost:3000
App 442723 output: info  - Loaded env from /home/sedihish/sedihisham_2/.env.production
App 442723 output: > Ready on http://localhost:3000
App 424310 output: info  - Loaded env from /home/sedihish/sedihisham_2/.env.production
App 424310 output: > Ready on http://localhost:3000
App 143692 output: info  - Loaded env from /home/sedihish/sedihisham_2/.env.production
App 143692 output: > Ready on http://localhost:3000
App 353040 output: info  - Loaded env from /home/sedihish/sedihisham_2/.env.production
App 353040 output: > Ready on http://localhost:3000
App 153588 output: info  - Loaded env from /home/sedihish/sedihisham_2/.env.production
App 153588 output: > Ready on http://localhost:3000
App 309622 output: info  - Loaded env from /home/sedihish/sedihisham_2/.env.production
App 309622 output: > Ready on http://localhost:3000
App 395088 output: info  - Loaded env from /home/sedihish/sedihisham_2/.env.production
App 395088 output: > Ready on http://localhost:3000
App 98702 output: info  - Loaded env from /home/sedihish/sedihisham_2/.env.production
App 98702 output: > Ready on http://localhost:3000
App 176935 output: info  - Loaded env from /home/sedihish/sedihisham_2/.env.production
App 176935 output: > Ready on http://localhost:3000
App 93804 output: info  - Loaded env from /home/sedihish/sedihisham_2/.env.production
App 93804 output: > Ready on http://localhost:3000
App 205427 output: info  - Loaded env from /home/sedihish/sedihisham_2/.env.production
App 205427 output: > Ready on http://localhost:3000
App 337431 output: info  - Loaded env from /home/sedihish/sedihisham_2/.env.production
App 337431 output: > Ready on http://localhost:3000
App 419201 output: info  - Loaded env from /home/sedihish/sedihisham_2/.env.production
App 419201 output: > Ready on http://localhost:3000
App 384 output: info  - Loaded env from /home/sedihish/sedihisham_2/.env.production
App 384 output: > Ready on http://localhost:3000
App 323853 output: info  - Loaded env from /home/sedihish/sedihisham_2/.env.production
App 323853 output: > Ready on http://localhost:3000
App 259581 output: info  - Loaded env from /home/sedihish/sedihisham_2/.env.production
App 259581 output: > Ready on http://localhost:3000
App 46197 output: info  - Loaded env from /home/sedihish/sedihisham_2/.env.production
App 46197 output: > Ready on http://localhost:3000
App 117833 output: info  - Loaded env from /home/sedihish/sedihisham_2/.env.production
App 117833 output: > Ready on http://localhost:3000
App 117833 output: Warning: For production Image Optimization with Next.js, the optional 'sharp' package is strongly recommended. Run 'yarn add sharp', and Next.js will use it automatically for Image Optimization.
App 117833 output: Read more: https://nextjs.org/docs/messages/sharp-missing-in-production
App 47056 output: info  - Loaded env from /home/sedihish/sedihisham_2/.env.production
App 47056 output: > Ready on http://localhost:3000
App 55988 output: info  - Loaded env from /home/sedihish/sedihisham_2/.env.production
App 55988 output: > Ready on http://localhost:3000
App 326921 output: info  - Loaded env from /home/sedihish/sedihisham_2/.env.production
App 326921 output: > Ready on http://localhost:3000
App 112619 output: info  - Loaded env from /home/sedihish/sedihisham_2/.env.production
App 112619 output: > Ready on http://localhost:3000
App 311932 output: info  - Loaded env from /home/sedihish/sedihisham_2/.env.production
App 311932 output: > Ready on http://localhost:3000
App 400740 output: info  - Loaded env from /home/sedihish/sedihisham_2/.env.production
App 400740 output: > Ready on http://localhost:3000
App 183083 output: info  - Loaded env from /home/sedihish/sedihisham_2/.env.production
App 183083 output: > Ready on http://localhost:3000
App 289068 output: info  - Loaded env from /home/sedihish/sedihisham_2/.env.production
App 289068 output: > Ready on http://localhost:3000
App 380898 output: info  - Loaded env from /home/sedihish/sedihisham_2/.env.production
App 380898 output: > Ready on http://localhost:3000
App 130485 output: info  - Loaded env from /home/sedihish/sedihisham_2/.env.production
App 130485 output: > Ready on http://localhost:3000
App 168526 output: info  - Loaded env from /home/sedihish/sedihisham_2/.env.production
App 168526 output: > Ready on http://localhost:3000
App 3913 output: info  - Loaded env from /home/sedihish/sedihisham_2/.env.production
App 3913 output: > Ready on http://localhost:3000
App 153241 output: info  - Loaded env from /home/sedihish/sedihisham_2/.env.production
App 153241 output: > Ready on http://localhost:3000
App 390139 output: info  - Loaded env from /home/sedihish/sedihisham_2/.env.production
App 390139 output: > Ready on http://localhost:3000
App 392668 output: info  - Loaded env from /home/sedihish/sedihisham_2/.env.production
App 392668 output: > Ready on http://localhost:3000
App 94491 output: info  - Loaded env from /home/sedihish/sedihisham_2/.env.production
App 94491 output: > Ready on http://localhost:3000
App 378595 output: info  - Loaded env from /home/sedihish/sedihisham_2/.env.production
App 378595 output: > Ready on http://localhost:3000
App 389525 output: info  - Loaded env from /home/sedihish/sedihisham_2/.env.production
App 389525 output: > Ready on http://localhost:3000
App 1930 output: info  - Loaded env from /home/sedihish/sedihisham_2/.env.production
App 1930 output: > Ready on http://localhost:3000
App 442908 output: info  - Loaded env from /home/sedihish/sedihisham_2/.env.production
App 442908 output: > Ready on http://localhost:3000
App 31676 output: info  - Loaded env from /home/sedihish/sedihisham_2/.env.production
App 31676 output: > Ready on http://localhost:3000
App 32765 output: info  - Loaded env from /home/sedihish/sedihisham_2/.env.production
App 32765 output: > Ready on http://localhost:3000
App 84238 output: info  - Loaded env from /home/sedihish/sedihisham_2/.env.production
App 84238 output: > Ready on http://localhost:3000
App 152606 output: info  - Loaded env from /home/sedihish/sedihisham_2/.env.production
App 152606 output: > Ready on http://localhost:3000
App 223231 output: info  - Loaded env from /home/sedihish/sedihisham_2/.env.production
App 223231 output: > Ready on http://localhost:3000
App 202726 output: info  - Loaded env from /home/sedihish/sedihisham_2/.env.production
App 202726 output: > Ready on http://localhost:3000
App 239904 output: info  - Loaded env from /home/sedihish/sedihisham_2/.env.production
App 239904 output: > Ready on http://localhost:3000
App 418987 output: info  - Loaded env from /home/sedihish/sedihisham_2/.env.production
App 418987 output: > Ready on http://localhost:3000
App 442940 output: info  - Loaded env from /home/sedihish/sedihisham_2/.env.production
App 442940 output: > Ready on http://localhost:3000
App 455245 output: info  - Loaded env from /home/sedihish/sedihisham_2/.env.production
App 455245 output: > Ready on http://localhost:3000
App 387459 output: info  - Loaded env from /home/sedihish/sedihisham_2/.env.production
App 387459 output: > Ready on http://localhost:3000
App 410985 output: info  - Loaded env from /home/sedihish/sedihisham_2/.env.production
App 410985 output: > Ready on http://localhost:3000
App 36848 output: info  - Loaded env from /home/sedihish/sedihisham_2/.env.production
App 36848 output: > Ready on http://localhost:3000
App 401598 output: info  - Loaded env from /home/sedihish/sedihisham_2/.env.production
App 401598 output: > Ready on http://localhost:3000
App 61268 output: info  - Loaded env from /home/sedihish/sedihisham_2/.env.production
App 61268 output: > Ready on http://localhost:3000
App 67895 output: info  - Loaded env from /home/sedihish/sedihisham_2/.env.production
App 67895 output: > Ready on http://localhost:3000
App 187374 output: info  - Loaded env from /home/sedihish/sedihisham_2/.env.production
App 187374 output: > Ready on http://localhost:3000
App 90032 output: info  - Loaded env from /home/sedihish/sedihisham_2/.env.production
App 90032 output: > Ready on http://localhost:3000
App 66459 output: info  - Loaded env from /home/sedihish/sedihisham_2/.env.production
App 66459 output: > Ready on http://localhost:3000
App 104151 output: info  - Loaded env from /home/sedihish/sedihisham_2/.env.production
App 104151 output: > Ready on http://localhost:3000
App 338763 output: info  - Loaded env from /home/sedihish/sedihisham_2/.env.production
App 338763 output: > Ready on http://localhost:3000
App 292325 output: info  - Loaded env from /home/sedihish/sedihisham_2/.env.production
App 292325 output: > Ready on http://localhost:3000
App 346379 output: info  - Loaded env from /home/sedihish/sedihisham_2/.env.production
App 346379 output: > Ready on http://localhost:3000
App 3556 output: info  - Loaded env from /home/sedihish/sedihisham_2/.env.production
App 3556 output: > Ready on http://localhost:3000
App 176365 output: info  - Loaded env from /home/sedihish/sedihisham_2/.env.production
App 176365 output: > Ready on http://localhost:3000
App 267934 output: info  - Loaded env from /home/sedihish/sedihisham_2/.env.production
App 267934 output: > Ready on http://localhost:3000
App 323445 output: info  - Loaded env from /home/sedihish/sedihisham_2/.env.production
App 323445 output: > Ready on http://localhost:3000
App 185706 output: info  - Loaded env from /home/sedihish/sedihisham_2/.env.production
App 185706 output: > Ready on http://localhost:3000
App 398935 output: info  - Loaded env from /home/sedihish/sedihisham_2/.env.production
App 398935 output: > Ready on http://localhost:3000
App 101244 output: info  - Loaded env from /home/sedihish/sedihisham_2/.env.production
App 101244 output: > Ready on http://localhost:3000
App 341964 output: info  - Loaded env from /home/sedihish/sedihisham_2/.env.production
App 341964 output: > Ready on http://localhost:3000
App 3490 output: info  - Loaded env from /home/sedihish/sedihisham_2/.env.production
App 3490 output: > Ready on http://localhost:3000
App 266219 output: info  - Loaded env from /home/sedihish/sedihisham_2/.env.production
App 266219 output: > Ready on http://localhost:3000
App 116481 output: info  - Loaded env from /home/sedihish/sedihisham_2/.env.production
App 116481 output: > Ready on http://localhost:3000
App 140525 output: info  - Loaded env from /home/sedihish/sedihisham_2/.env.production
App 140525 output: > Ready on http://localhost:3000
App 257874 output: info  - Loaded env from /home/sedihish/sedihisham_2/.env.production
App 257874 output: > Ready on http://localhost:3000
App 344814 output: info  - Loaded env from /home/sedihish/sedihisham_2/.env.production
App 344814 output: > Ready on http://localhost:3000
App 38173 output: info  - Loaded env from /home/sedihish/sedihisham_2/.env.production
App 38173 output: > Ready on http://localhost:3000
App 26063 output: info  - Loaded env from /home/sedihish/sedihisham_2/.env.production
App 32867 output: info  - Loaded env from /home/sedihish/sedihisham_2/.env.production
App 32867 output: > Ready on http://localhost:3000
App 139989 output: info  - Loaded env from /home/sedihish/sedihisham_2/.env.production
App 139989 output: > Ready on http://localhost:3000
App 75233 output: info  - Loaded env from /home/sedihish/sedihisham_2/.env.production
App 75233 output: > Ready on http://localhost:3000
App 99494 output: info  - Loaded env from /home/sedihish/sedihisham_2/.env.production
App 99494 output: > Ready on http://localhost:3000
App 273252 output: info  - Loaded env from /home/sedihish/sedihisham_2/.env.production
App 273252 output: > Ready on http://localhost:3000
App 345055 output: info  - Loaded env from /home/sedihish/sedihisham_2/.env.production
App 345055 output: > Ready on http://localhost:3000
App 69623 output: info  - Loaded env from /home/sedihish/sedihisham_2/.env.production
App 69623 output: > Ready on http://localhost:3000
App 394055 output: info  - Loaded env from /home/sedihish/sedihisham_2/.env.production
App 394055 output: > Ready on http://localhost:3000
App 5558 output: info  - Loaded env from /home/sedihish/sedihisham_2/.env.production
App 5558 output: > Ready on http://localhost:3000
App 17329 output: info  - Loaded env from /home/sedihish/sedihisham_2/.env.production
App 17329 output: > Ready on http://localhost:3000
App 207219 output: info  - Loaded env from /home/sedihish/sedihisham_2/.env.production
App 207219 output: > Ready on http://localhost:3000
App 186372 output: info  - Loaded env from /home/sedihish/sedihisham_2/.env.production
App 186372 output: > Ready on http://localhost:3000
App 208757 output: info  - Loaded env from /home/sedihish/sedihisham_2/.env.production
App 208757 output: > Ready on http://localhost:3000
App 248632 output: info  - Loaded env from /home/sedihish/sedihisham_2/.env.production
App 248632 output: > Ready on http://localhost:3000
App 310427 output: info  - Loaded env from /home/sedihish/sedihisham_2/.env.production
App 310427 output: > Ready on http://localhost:3000
App 124397 output: info  - Loaded env from /home/sedihish/sedihisham_2/.env.production
App 124397 output: > Ready on http://localhost:3000
App 44158 output: info  - Loaded env from /home/sedihish/sedihisham_2/.env.production
App 44158 output: > Ready on http://localhost:3000
